每次补给概率表:
始源芽衣: 0.10%        
维尔薇: 0.10%
普通补给卡: 4.20%      
人偶补给卡: 1.60%      
SP 补给卡: 1.60%       

单次期望:
标价: 53.413 水晶      
限量礼包: 11.468 礼包币
身边统计学: 38.480 水晶

每次有 0.10% 获得原补给卡, 因此相当于每次消耗 0.900 张祈愿卡
本次有 437 张补给卡, 共花费 7280 礼包币
期望抽取补给次数为 485.556

本次期望抽到:
始源芽衣: 0.486
维尔薇: 0.486
普通补给卡: 20.393
人偶补给卡: 7.769
SP 补给卡: 7.769

本次期望折合:
标价: 25935.141 水晶
限量礼包: 5568.351 礼包币
身边统计学: 18684.178 水晶

本次实际抽到:
始源芽衣: 1
维尔薇: 1
普通补给卡: 12
人偶补给卡: 9
SP 补给卡: 5

本次实际折合:
标价: 42643.333 水晶
限量礼包: 5622.000 礼包币
身边统计学: 27710.000 水晶